[2025-01-15 23:46:09] local.ERROR: Required @OA\PathItem() not found {"exception":"[object] (ErrorException(code: 0): Required @OA\\PathItem() not found at /root/movie_rentals/vendor/zircote/swagger-php/src/Loggers/DefaultLogger.php:31)
[stacktrace]
#0 /root/movie_rentals/vendor/laravel/framework/src/Illuminate/Foundation/Bootstrap/HandleExceptions.php(290): Illuminate\\Foundation\\Bootstrap\\HandleExceptions->handleError()
#1 [internal function]: Illuminate\\Foundation\\Bootstrap\\HandleExceptions->Illuminate\\Foundation\\Bootstrap\\{closure}()
#2 /root/movie_rentals/vendor/zircote/swagger-php/src/Loggers/DefaultLogger.php(31): trigger_error()
#3 /root/movie_rentals/vendor/psr/log/src/LoggerTrait.php(61): OpenApi\\Loggers\\DefaultLogger->log()
#4 /root/movie_rentals/vendor/zircote/swagger-php/src/Annotations/OpenApi.php(157): Psr\\Log\\AbstractLogger->warning()
#5 /root/movie_rentals/vendor/zircote/swagger-php/src/Analysis.php(440): OpenApi\\Annotations\\OpenApi->validate()
#6 /root/movie_rentals/vendor/zircote/swagger-php/src/Generator.php(511): OpenApi\\Analysis->validate()
#7 /root/movie_rentals/vendor/darkaonline/l5-swagger/src/Generator.php(191): OpenApi\\Generator->generate()
#8 /root/movie_rentals/vendor/darkaonline/l5-swagger/src/Generator.php(132): L5Swagger\\Generator->scanFilesForDocumentation()
#9 /root/movie_rentals/vendor/darkaonline/l5-swagger/src/Console/GenerateDocsCommand.php(72): L5Swagger\\Generator->generateDocs()
#10 /root/movie_rentals/vendor/darkaonline/l5-swagger/src/Console/GenerateDocsCommand.php(58): L5Swagger\\Console\\GenerateDocsCommand->generateDocumentation()
#11 /root/movie_rentals/vendor/laravel/framework/src/Illuminate/Container/BoundMethod.php(36): L5Swagger\\Console\\GenerateDocsCommand->handle()
#12 /root/movie_rentals/vendor/laravel/framework/src/Illuminate/Container/Util.php(43): Illuminate\\Container\\BoundMethod::Illuminate\\Container\\{closure}()
#13 /root/movie_rentals/vendor/laravel/framework/src/Illuminate/Container/BoundMethod.php(95): Illuminate\\Container\\Util::unwrapIfClosure()
#14 /root/movie_rentals/vendor/laravel/framework/src/Illuminate/Container/BoundMethod.php(35): Illuminate\\Container\\BoundMethod::callBoundMethod()
#15 /root/movie_rentals/vendor/laravel/framework/src/Illuminate/Container/Container.php(694): Illuminate\\Container\\BoundMethod::call()
#16 /root/movie_rentals/vendor/laravel/framework/src/Illuminate/Console/Command.php(213): Illuminate\\Container\\Container->call()
#17 /root/movie_rentals/vendor/symfony/console/Command/Command.php(279): Illuminate\\Console\\Command->execute()
#18 /root/movie_rentals/vendor/laravel/framework/src/Illuminate/Console/Command.php(182): Symfony\\Component\\Console\\Command\\Command->run()
#19 /root/movie_rentals/vendor/symfony/console/Application.php(1094): Illuminate\\Console\\Command->run()
#20 /root/movie_rentals/vendor/symfony/console/Application.php(342): Symfony\\Component\\Console\\Application->doRunCommand()
#21 /root/movie_rentals/vendor/symfony/console/Application.php(193): Symfony\\Component\\Console\\Application->doRun()
#22 /root/movie_rentals/vendor/laravel/framework/src/Illuminate/Foundation/Console/Kernel.php(198): Symfony\\Component\\Console\\Application->run()
#23 /root/movie_rentals/vendor/laravel/framework/src/Illuminate/Foundation/Application.php(1208): Illuminate\\Foundation\\Console\\Kernel->handle()
#24 /root/movie_rentals/artisan(13): Illuminate\\Foundation\\Application->handleCommand()
#25 {main}
"} 
[2025-01-15 23:47:28] laravel.EMERGENCY: Unable to create configured logger. Using emergency logger. {"exception":"[object] (InvalidArgumentException(code: 0): Log [] is not defined. at /root/movie_rentals/vendor/laravel/framework/src/Illuminate/Log/LogManager.php:232)
[stacktrace]
#0 /root/movie_rentals/vendor/laravel/framework/src/Illuminate/Log/LogManager.php(139): Illuminate\\Log\\LogManager->resolve()
#1 /root/movie_rentals/vendor/laravel/framework/src/Illuminate/Log/LogManager.php(126): Illuminate\\Log\\LogManager->get()
#2 /root/movie_rentals/vendor/laravel/framework/src/Illuminate/Log/LogManager.php(701): Illuminate\\Log\\LogManager->driver()
#3 /root/movie_rentals/vendor/laravel/framework/src/Illuminate/Foundation/Exceptions/Handler.php(380): Illuminate\\Log\\LogManager->error()
#4 /root/movie_rentals/vendor/laravel/framework/src/Illuminate/Foundation/Exceptions/Handler.php(343): Illuminate\\Foundation\\Exceptions\\Handler->reportThrowable()
#5 /root/movie_rentals/vendor/laravel/framework/src/Illuminate/Foundation/Console/Kernel.php(621): Illuminate\\Foundation\\Exceptions\\Handler->report()
#6 /root/movie_rentals/vendor/laravel/framework/src/Illuminate/Foundation/Console/Kernel.php(200): Illuminate\\Foundation\\Console\\Kernel->reportException()
#7 /root/movie_rentals/vendor/laravel/framework/src/Illuminate/Foundation/Application.php(1208): Illuminate\\Foundation\\Console\\Kernel->handle()
#8 /root/movie_rentals/artisan(13): Illuminate\\Foundation\\Application->handleCommand()
#9 {main}
"} 
[2025-01-15 23:47:28] laravel.ERROR: Class "L5Swagger\Generator" not found {"exception":"[object] (Error(code: 0): Class \"L5Swagger\\Generator\" not found at /root/movie_rentals/config/l5-swagger.php:165)
[stacktrace]
#0 /root/movie_rentals/vendor/laravel/framework/src/Illuminate/Foundation/Bootstrap/LoadConfiguration.php(96): require()
#1 /root/movie_rentals/vendor/laravel/framework/src/Illuminate/Foundation/Bootstrap/LoadConfiguration.php(96): Illuminate\\Foundation\\Bootstrap\\LoadConfiguration->Illuminate\\Foundation\\Bootstrap\\{closure}()
#2 /root/movie_rentals/vendor/laravel/framework/src/Illuminate/Foundation/Bootstrap/LoadConfiguration.php(77): Illuminate\\Foundation\\Bootstrap\\LoadConfiguration->loadConfigurationFile()
#3 /root/movie_rentals/vendor/laravel/framework/src/Illuminate/Foundation/Bootstrap/LoadConfiguration.php(38): Illuminate\\Foundation\\Bootstrap\\LoadConfiguration->loadConfigurationFiles()
#4 /root/movie_rentals/vendor/laravel/framework/src/Illuminate/Foundation/Application.php(319): Illuminate\\Foundation\\Bootstrap\\LoadConfiguration->bootstrap()
#5 /root/movie_rentals/vendor/laravel/framework/src/Illuminate/Foundation/Console/Kernel.php(474): Illuminate\\Foundation\\Application->bootstrapWith()
#6 /root/movie_rentals/vendor/laravel/framework/src/Illuminate/Foundation/Console/Kernel.php(196): Illuminate\\Foundation\\Console\\Kernel->bootstrap()
#7 /root/movie_rentals/vendor/laravel/framework/src/Illuminate/Foundation/Application.php(1208): Illuminate\\Foundation\\Console\\Kernel->handle()
#8 /root/movie_rentals/artisan(13): Illuminate\\Foundation\\Application->handleCommand()
#9 {main}
"} 
[2025-01-15 23:53:27] laravel.EMERGENCY: Unable to create configured logger. Using emergency logger. {"exception":"[object] (InvalidArgumentException(code: 0): Log [] is not defined. at /root/movie_rentals/vendor/laravel/framework/src/Illuminate/Log/LogManager.php:232)
[stacktrace]
#0 /root/movie_rentals/vendor/laravel/framework/src/Illuminate/Log/LogManager.php(139): Illuminate\\Log\\LogManager->resolve()
#1 /root/movie_rentals/vendor/laravel/framework/src/Illuminate/Log/LogManager.php(126): Illuminate\\Log\\LogManager->get()
#2 /root/movie_rentals/vendor/laravel/framework/src/Illuminate/Log/LogManager.php(701): Illuminate\\Log\\LogManager->driver()
#3 /root/movie_rentals/vendor/laravel/framework/src/Illuminate/Foundation/Exceptions/Handler.php(380): Illuminate\\Log\\LogManager->error()
#4 /root/movie_rentals/vendor/laravel/framework/src/Illuminate/Foundation/Exceptions/Handler.php(343): Illuminate\\Foundation\\Exceptions\\Handler->reportThrowable()
#5 /root/movie_rentals/vendor/laravel/framework/src/Illuminate/Foundation/Http/Kernel.php(563): Illuminate\\Foundation\\Exceptions\\Handler->report()
#6 /root/movie_rentals/vendor/laravel/framework/src/Illuminate/Foundation/Http/Kernel.php(147): Illuminate\\Foundation\\Http\\Kernel->reportException()
#7 /root/movie_rentals/vendor/laravel/framework/src/Illuminate/Foundation/Application.php(1193): Illuminate\\Foundation\\Http\\Kernel->handle()
#8 /root/movie_rentals/public/index.php(17): Illuminate\\Foundation\\Application->handleRequest()
#9 /root/movie_rentals/vendor/laravel/framework/src/Illuminate/Foundation/resources/server.php(23): require_once('...')
#10 {main}
"} 
[2025-01-15 23:53:27] laravel.ERROR: Class "L5Swagger\Generator" not found {"exception":"[object] (Error(code: 0): Class \"L5Swagger\\Generator\" not found at /root/movie_rentals/config/l5-swagger.php:165)
[stacktrace]
#0 /root/movie_rentals/vendor/laravel/framework/src/Illuminate/Foundation/Bootstrap/LoadConfiguration.php(96): require()
#1 /root/movie_rentals/vendor/laravel/framework/src/Illuminate/Foundation/Bootstrap/LoadConfiguration.php(96): Illuminate\\Foundation\\Bootstrap\\LoadConfiguration->Illuminate\\Foundation\\Bootstrap\\{closure}()
#2 /root/movie_rentals/vendor/laravel/framework/src/Illuminate/Foundation/Bootstrap/LoadConfiguration.php(77): Illuminate\\Foundation\\Bootstrap\\LoadConfiguration->loadConfigurationFile()
#3 /root/movie_rentals/vendor/laravel/framework/src/Illuminate/Foundation/Bootstrap/LoadConfiguration.php(38): Illuminate\\Foundation\\Bootstrap\\LoadConfiguration->loadConfigurationFiles()
#4 /root/movie_rentals/vendor/laravel/framework/src/Illuminate/Foundation/Application.php(319): Illuminate\\Foundation\\Bootstrap\\LoadConfiguration->bootstrap()
#5 /root/movie_rentals/vendor/laravel/framework/src/Illuminate/Foundation/Http/Kernel.php(187): Illuminate\\Foundation\\Application->bootstrapWith()
#6 /root/movie_rentals/vendor/laravel/framework/src/Illuminate/Foundation/Http/Kernel.php(171): Illuminate\\Foundation\\Http\\Kernel->bootstrap()
#7 /root/movie_rentals/vendor/laravel/framework/src/Illuminate/Foundation/Http/Kernel.php(145): Illuminate\\Foundation\\Http\\Kernel->sendRequestThroughRouter()
#8 /root/movie_rentals/vendor/laravel/framework/src/Illuminate/Foundation/Application.php(1193): Illuminate\\Foundation\\Http\\Kernel->handle()
#9 /root/movie_rentals/public/index.php(17): Illuminate\\Foundation\\Application->handleRequest()
#10 /root/movie_rentals/vendor/laravel/framework/src/Illuminate/Foundation/resources/server.php(23): require_once('...')
#11 {main}
"} 
[2025-01-15 23:53:42] laravel.EMERGENCY: Unable to create configured logger. Using emergency logger. {"exception":"[object] (InvalidArgumentException(code: 0): Log [] is not defined. at /root/movie_rentals/vendor/laravel/framework/src/Illuminate/Log/LogManager.php:232)
[stacktrace]
#0 /root/movie_rentals/vendor/laravel/framework/src/Illuminate/Log/LogManager.php(139): Illuminate\\Log\\LogManager->resolve()
#1 /root/movie_rentals/vendor/laravel/framework/src/Illuminate/Log/LogManager.php(126): Illuminate\\Log\\LogManager->get()
#2 /root/movie_rentals/vendor/laravel/framework/src/Illuminate/Log/LogManager.php(701): Illuminate\\Log\\LogManager->driver()
#3 /root/movie_rentals/vendor/laravel/framework/src/Illuminate/Foundation/Exceptions/Handler.php(380): Illuminate\\Log\\LogManager->error()
#4 /root/movie_rentals/vendor/laravel/framework/src/Illuminate/Foundation/Exceptions/Handler.php(343): Illuminate\\Foundation\\Exceptions\\Handler->reportThrowable()
#5 /root/movie_rentals/vendor/laravel/framework/src/Illuminate/Foundation/Console/Kernel.php(621): Illuminate\\Foundation\\Exceptions\\Handler->report()
#6 /root/movie_rentals/vendor/laravel/framework/src/Illuminate/Foundation/Console/Kernel.php(200): Illuminate\\Foundation\\Console\\Kernel->reportException()
#7 /root/movie_rentals/vendor/laravel/framework/src/Illuminate/Foundation/Application.php(1208): Illuminate\\Foundation\\Console\\Kernel->handle()
#8 /root/movie_rentals/artisan(13): Illuminate\\Foundation\\Application->handleCommand()
#9 {main}
"} 
[2025-01-15 23:53:42] laravel.ERROR: Class "L5Swagger\Generator" not found {"exception":"[object] (Error(code: 0): Class \"L5Swagger\\Generator\" not found at /root/movie_rentals/config/l5-swagger.php:165)
[stacktrace]
#0 /root/movie_rentals/vendor/laravel/framework/src/Illuminate/Foundation/Bootstrap/LoadConfiguration.php(96): require()
#1 /root/movie_rentals/vendor/laravel/framework/src/Illuminate/Foundation/Bootstrap/LoadConfiguration.php(96): Illuminate\\Foundation\\Bootstrap\\LoadConfiguration->Illuminate\\Foundation\\Bootstrap\\{closure}()
#2 /root/movie_rentals/vendor/laravel/framework/src/Illuminate/Foundation/Bootstrap/LoadConfiguration.php(77): Illuminate\\Foundation\\Bootstrap\\LoadConfiguration->loadConfigurationFile()
#3 /root/movie_rentals/vendor/laravel/framework/src/Illuminate/Foundation/Bootstrap/LoadConfiguration.php(38): Illuminate\\Foundation\\Bootstrap\\LoadConfiguration->loadConfigurationFiles()
#4 /root/movie_rentals/vendor/laravel/framework/src/Illuminate/Foundation/Application.php(319): Illuminate\\Foundation\\Bootstrap\\LoadConfiguration->bootstrap()
#5 /root/movie_rentals/vendor/laravel/framework/src/Illuminate/Foundation/Console/Kernel.php(474): Illuminate\\Foundation\\Application->bootstrapWith()
#6 /root/movie_rentals/vendor/laravel/framework/src/Illuminate/Foundation/Console/Kernel.php(196): Illuminate\\Foundation\\Console\\Kernel->bootstrap()
#7 /root/movie_rentals/vendor/laravel/framework/src/Illuminate/Foundation/Application.php(1208): Illuminate\\Foundation\\Console\\Kernel->handle()
#8 /root/movie_rentals/artisan(13): Illuminate\\Foundation\\Application->handleCommand()
#9 {main}
"} 
